<?xml version="1.0" encoding="UTF-8"?>
<!-- Generated by org.testng.reporters.JUnitReportReporter -->
<testsuite hostname="LINCHNJUN23-246" failures="0" tests="1" name="genericLibraries.TestExecution" time="48.345" errors="0" timestamp="2023-09-14T16:05:45 IST" skipped="0">
  <testcase classname="genericLibraries.TestExecution" name="execution" time="48.345"/>
</testsuite> <!-- genericLibraries.TestExecution -->
